<?xml version="1.0" encoding="UTF-8"?>
<!-- Generated by org.testng.reporters.JUnitXMLReporter -->
<testsuite ignored="0" hostname="Raees" failures="0" tests="3" name="Default test" time="28.974" errors="0" timestamp="2023-04-04T11:35:02 IST">
  <testcase classname="com.Shopping.TestCases.HomePageTest" name="verifyPageTitle" time="0.022"/>
  <testcase classname="com.Shopping.TestCases.HomePageTest" name="verifyHomePageLanding" time="0.07"/>
  <testcase classname="com.Shopping.TestCases.HomePageTest" name="verifyCopyRightHomePage" time="0.04"/>
</testsuite> <!-- Default test -->
