<?xml version="1.0" encoding="UTF-8"?>
<!-- Generated by org.testng.reporters.JUnitXMLReporter -->
<testsuite ignored="0" hostname="Raees" failures="0" tests="3" name="Regression Testing" time="40.364" errors="0" timestamp="2023-03-09T15:30:43 IST">
  <testcase classname="com.Shopping.TestCases.LoginPageTest" name="verifyvalidlogin" time="9.014"/>
  <testcase classname="com.Shopping.TestCases.HomePageTest" name="verifyPageTitle" time="0.016"/>
  <testcase classname="com.Shopping.TestCases.HomePageTest" name="verifyHomePageLanding" time="0.058"/>
</testsuite> <!-- Regression Testing -->
