<?xml version="1.0" encoding="UTF-8"?>
<testng-results ignored="0" total="3" passed="3" failed="0" skipped="0">
  <reporter-output>
  </reporter-output>
  <suite started-at="2023-04-04T11:34:33 IST" name="Default suite" finished-at="2023-04-04T11:35:02 IST" duration-ms="28974">
    <groups>
    </groups>
    <test started-at="2023-04-04T11:34:33 IST" name="Default test" finished-at="2023-04-04T11:35:02 IST" duration-ms="28974">
      <class name="com.Shopping.TestCases.HomePageTest">
        <test-method is-config="true" signature="setUp()[pri:0, instance:com.Shopping.TestCases.HomePageTest@7e07db1f]" started-at="2023-04-04T11:34:33 IST" name="setUp" finished-at="2023-04-04T11:34:46 IST" duration-ms="12519" status="PASS">
          <reporter-output>
          </reporter-output>
        </test-method> <!-- setUp -->
        <test-method signature="verifyPageTitle()[pri:0, instance:com.Shopping.TestCases.HomePageTest@7e07db1f]" started-at="2023-04-04T11:34:46 IST" name="verifyPageTitle" finished-at="2023-04-04T11:34:46 IST" duration-ms="22" status="PASS">
          <reporter-output>
          </reporter-output>
        </test-method> <!-- verifyPageTitle -->
        <test-method is-config="true" signature="teardown()[pri:0, instance:com.Shopping.TestCases.HomePageTest@7e07db1f]" started-at="2023-04-04T11:34:46 IST" name="teardown" finished-at="2023-04-04T11:34:46 IST" duration-ms="384" status="PASS">
          <reporter-output>
          </reporter-output>
        </test-method> <!-- teardown -->
        <test-method is-config="true" signature="setUp()[pri:0, instance:com.Shopping.TestCases.HomePageTest@7e07db1f]" started-at="2023-04-04T11:34:46 IST" name="setUp" finished-at="2023-04-04T11:34:55 IST" duration-ms="8458" status="PASS">
          <reporter-output>
          </reporter-output>
        </test-method> <!-- setUp -->
        <test-method signature="verifyHomePageLanding()[pri:1, instance:com.Shopping.TestCases.HomePageTest@7e07db1f]" started-at="2023-04-04T11:34:55 IST" name="verifyHomePageLanding" finished-at="2023-04-04T11:34:55 IST" duration-ms="70" status="PASS">
          <reporter-output>
          </reporter-output>
        </test-method> <!-- verifyHomePageLanding -->
        <test-method is-config="true" signature="teardown()[pri:0, instance:com.Shopping.TestCases.HomePageTest@7e07db1f]" started-at="2023-04-04T11:34:55 IST" name="teardown" finished-at="2023-04-04T11:34:55 IST" duration-ms="238" status="PASS">
          <reporter-output>
          </reporter-output>
        </test-method> <!-- teardown -->
        <test-method is-config="true" signature="setUp()[pri:0, instance:com.Shopping.TestCases.HomePageTest@7e07db1f]" started-at="2023-04-04T11:34:55 IST" name="setUp" finished-at="2023-04-04T11:35:02 IST" duration-ms="6984" status="PASS">
          <reporter-output>
          </reporter-output>
        </test-method> <!-- setUp -->
        <test-method signature="verifyCopyRightHomePage()[pri:2, instance:com.Shopping.TestCases.HomePageTest@7e07db1f]" started-at="2023-04-04T11:35:02 IST" name="verifyCopyRightHomePage" finished-at="2023-04-04T11:35:02 IST" duration-ms="40" status="PASS">
          <reporter-output>
          </reporter-output>
        </test-method> <!-- verifyCopyRightHomePage -->
        <test-method is-config="true" signature="teardown()[pri:0, instance:com.Shopping.TestCases.HomePageTest@7e07db1f]" started-at="2023-04-04T11:35:02 IST" name="teardown" finished-at="2023-04-04T11:35:02 IST" duration-ms="196" status="PASS">
          <reporter-output>
          </reporter-output>
        </test-method> <!-- teardown -->
      </class> <!-- com.Shopping.TestCases.HomePageTest -->
    </test> <!-- Default test -->
  </suite> <!-- Default suite -->
</testng-results>
